2025-07-17 19:57:31,088 - INFO - Using device: cpu
2025-07-17 19:57:31,286 - INFO - Class counts: [ 9666 11468]
2025-07-17 19:57:31,286 - INFO - Class weights: [1.04817335 0.95182665]
2025-07-17 19:57:31,826 - INFO - Total parameters: 73,969,922
2025-07-17 19:57:31,827 - INFO - Trainable parameters: 73,969,922
2025-07-17 20:01:15,093 - INFO - Using device: cpu
2025-07-17 20:01:15,137 - INFO - Total images: 21134
2025-07-17 20:01:15,138 - INFO - Real images: 11468
2025-07-17 20:01:15,138 - INFO - Fake images: 9666
2025-07-17 20:01:15,142 - INFO - Total images: 1741
2025-07-17 20:01:15,142 - INFO - Real images: 902
2025-07-17 20:01:15,142 - INFO - Fake images: 839
2025-07-17 20:01:15,143 - INFO - Class counts: [ 9666 11468]
2025-07-17 20:01:15,143 - INFO - Class weights: [1.04817335 0.95182665]
2025-07-17 20:01:15,662 - INFO - Total parameters: 73,969,922
2025-07-17 20:01:15,663 - INFO - Trainable parameters: 73,969,922
2025-07-17 20:01:15,663 - INFO - Starting optimized training for 85-90% accuracy...
2025-07-17 20:01:15,664 - INFO - Starting training for 60 epochs
2025-07-17 20:01:15,664 - INFO - Gradient accumulation steps: 4
2025-07-17 20:01:15,665 - INFO - psutil not available, skipping system stats
2025-07-17 20:10:08,578 - INFO - Using device: cpu
2025-07-17 20:10:08,622 - INFO - Total images: 21134
2025-07-17 20:10:08,623 - INFO - Real images: 11468
2025-07-17 20:10:08,623 - INFO - Fake images: 9666
2025-07-17 20:10:08,627 - INFO - Total images: 1741
2025-07-17 20:10:08,627 - INFO - Real images: 902
2025-07-17 20:10:08,628 - INFO - Fake images: 839
2025-07-17 20:10:08,628 - INFO - Class counts: [ 9666 11468]
2025-07-17 20:10:08,629 - INFO - Class weights: [1.04817335 0.95182665]
2025-07-17 20:10:09,156 - INFO - Total parameters: 73,969,922
2025-07-17 20:10:09,157 - INFO - Trainable parameters: 73,969,922
2025-07-17 20:10:09,157 - INFO - Mixed precision training: False
2025-07-17 20:10:09,158 - INFO - Starting optimized training for 85-90% accuracy...
2025-07-17 20:10:09,159 - INFO - Starting training for 60 epochs
2025-07-17 20:10:09,159 - INFO - Gradient accumulation steps: 4
2025-07-17 20:10:09,159 - INFO - psutil not available, skipping system stats
2025-07-17 20:24:14,593 - INFO - Using CPU - applying optimizations for speed
2025-07-17 20:24:14,595 - INFO - Using device: cpu
2025-07-17 20:24:14,648 - INFO - Dataset loaded: 21134 images (Real: 11468, Fake: 9666)
2025-07-17 20:24:14,653 - INFO - Dataset loaded: 1741 images (Real: 902, Fake: 839)
2025-07-17 20:24:14,654 - INFO - Class balance - Fake: 9666, Real: 11468 (weights: 1.048, 0.952)
2025-07-17 20:24:14,832 - INFO - Total parameters: 20,456,962
2025-07-17 20:24:14,833 - INFO - Trainable parameters: 20,456,962
2025-07-17 20:24:14,833 - INFO - Mixed precision training: False
2025-07-17 20:24:14,833 - INFO - Starting optimized training for 85-90% accuracy...
2025-07-17 20:24:14,834 - INFO - Starting training for 40 epochs
2025-07-17 20:24:14,834 - INFO - Gradient accumulation steps: 8
2025-07-17 20:24:14,834 - INFO - psutil not available, skipping system stats
2025-07-17 20:34:43,293 - INFO - Using CPU - applying optimizations for speed
2025-07-17 20:34:43,295 - INFO - Using device: cpu
2025-07-17 20:34:43,343 - INFO - Dataset loaded: 21134 images (Real: 11468, Fake: 9666)
2025-07-17 20:34:43,347 - INFO - Dataset loaded: 1741 images (Real: 902, Fake: 839)
2025-07-17 20:34:43,348 - INFO - Class balance - Fake: 9666, Real: 11468 (weights: 1.048, 0.952)
2025-07-17 20:34:43,510 - INFO - Total parameters: 20,456,962
2025-07-17 20:34:43,510 - INFO - Trainable parameters: 20,456,962
2025-07-17 20:34:43,510 - INFO - Mixed precision training: False
2025-07-17 20:34:43,510 - INFO - Starting optimized training for 85-90% accuracy...
2025-07-17 20:39:29,056 - INFO - Dataset loaded: 21134 images (Real: 11468, Fake: 9666)
2025-07-17 20:39:29,060 - INFO - Dataset loaded: 1741 images (Real: 902, Fake: 839)
2025-07-17 20:39:29,061 - INFO - Class balance - Fake: 9666, Real: 11468 (weights: 1.048, 0.952)
2025-07-17 21:23:12,531 - INFO - Dataset loaded: 21134 images (Real: 11468, Fake: 9666)
2025-07-17 21:23:12,536 - INFO - Dataset loaded: 1741 images (Real: 902, Fake: 839)
2025-07-17 21:23:12,537 - INFO - Class balance - Fake: 9666, Real: 11468 (weights: 1.048, 0.952)
2025-07-17 21:29:09,232 - INFO - Dataset loaded: 21134 images (Real: 11468, Fake: 9666)
2025-07-17 21:29:09,236 - INFO - Dataset loaded: 1741 images (Real: 902, Fake: 839)
2025-07-17 21:29:09,238 - INFO - Class balance - Fake: 9666, Real: 11468 (weights: 1.048, 0.952)
2025-07-17 21:31:36,664 - INFO - Dataset loaded: 21134 images (Real: 11468, Fake: 9666)
2025-07-17 21:31:36,667 - INFO - Dataset loaded: 1741 images (Real: 902, Fake: 839)
2025-07-17 21:31:36,668 - INFO - Class balance - Fake: 9666, Real: 11468 (weights: 1.048, 0.952)
2025-07-17 21:41:51,819 - INFO - Dataset loaded: 21134 images (Real: 11468, Fake: 9666)
2025-07-17 21:41:51,823 - INFO - Dataset loaded: 1741 images (Real: 902, Fake: 839)
2025-07-17 21:41:51,824 - INFO - Class balance - Fake: 9666, Real: 11468 (weights: 1.048, 0.952)





2025-07-24 22:28:53,138 - INFO - Training completed
2025-07-24 22:28:53,138 - INFO - Best Validation Accuracy: 60.83%
2025-07-24 22:28:53,138 - INFO - Model: vit_base_patch16_224
2025-07-24 22:28:53,138 - INFO - Training parameters: batch_size=24, learning_rate=0.0002, epochs=50, dropout=0.4, attn_drop_rate=0.3, mixup=True, cutmix=True, label_smoothing=0.05
2025-07-24 22:28:53,138 - INFO - Dataset: 21134 train, 1741 val (Fake: 9666, Real: 11468)
2025-07-25 16:38:31,996 - INFO - Training completed
2025-07-25 16:38:31,996 - INFO - Best Validation Accuracy: 62.42%
2025-07-25 16:38:31,996 - INFO - Model: VisionTransformer
2025-07-26 07:29:55,406 - INFO - Training completed
2025-07-26 07:29:55,406 - INFO - Best Validation Accuracy: 73.27%
2025-07-26 07:29:55,406 - INFO - Model: VisionTransformer
2025-07-27 02:07:41,776 - INFO - Training completed
2025-07-27 02:07:41,776 - INFO - Best Validation Accuracy: 69.04%
2025-07-27 02:07:41,776 - INFO - Model: VisionTransformer
2025-07-27 02:07:41,776 - INFO - Training parameters: batch_size=24, learning_rate=0.0002, epochs=50, dropout=0.15, attn_drop_rate=0.12, mixup=True, cutmix=True, label_smoothing=0.05
2025-07-27 02:07:41,776 - INFO - Dataset: 21626 train, 1796 val (Fake: 9698, Real: 11928)
2025-07-27 03:21:01,463 - INFO - Training completed
2025-07-27 03:21:01,463 - INFO - Best Validation Accuracy: 56.12%
2025-07-27 03:21:01,463 - INFO - Model: VisionTransformer
2025-07-27 03:21:01,463 - INFO - Training parameters: batch_size=24, learning_rate=0.0002, epochs=50, dropout=0.2, attn_drop_rate=0.15, mixup=True, cutmix=True, label_smoothing=0.1
2025-07-27 03:21:01,463 - INFO - Dataset: 21626 train, 1796 val (Fake: 9698, Real: 11928)
2025-07-27 05:28:40,007 - INFO - Training completed
2025-07-27 05:28:40,007 - INFO - Best Validation Accuracy: 50.89%
2025-07-27 05:28:40,007 - INFO - Model: VisionTransformer
2025-07-27 05:28:40,007 - INFO - Training parameters: batch_size=24, learning_rate=0.0002, epochs=50, dropout=0.15, attn_drop_rate=0.1, mixup=True, cutmix=True, label_smoothing=0.05
2025-07-27 05:28:40,007 - INFO - Dataset: 21626 train, 1796 val (Fake: 9698, Real: 11928)
2025-07-27 16:34:59,526 - INFO - Training completed
2025-07-27 16:34:59,526 - INFO - Best Validation Accuracy: 73.61%
2025-07-27 16:34:59,526 - INFO - Model: VisionTransformer
2025-07-27 16:34:59,526 - INFO - Training parameters: batch_size=24, learning_rate=0.0002, epochs=50, dropout=0.15, attn_drop_rate=0.1, mixup=False, cutmix=False, label_smoothing=0.05
2025-07-27 16:34:59,526 - INFO - Dataset: 21626 train, 1796 val (Fake: 9698, Real: 11928)
2025-07-28 00:35:35,209 - INFO - Training completed
2025-07-28 00:35:35,209 - INFO - Best Validation Accuracy: 74.67%
2025-07-28 00:35:35,209 - INFO - Model: VisionTransformer
2025-07-28 00:35:35,209 - INFO - Training parameters: batch_size=24, learning_rate=0.0002, epochs=50, dropout=0.15, attn_drop_rate=0.1, mixup=False, cutmix=False, label_smoothing=0.05
2025-07-28 00:35:35,209 - INFO - Dataset: 21802 train, 1796 val (Fake: 9769, Real: 12033)
2025-07-30 16:23:17,642 - INFO - Training completed
2025-07-30 16:23:17,642 - INFO - Best Validation Accuracy: 82.02%
2025-07-30 16:23:17,642 - INFO - Model: VisionTransformer
2025-07-30 16:23:17,642 - INFO - Training parameters: batch_size=24, learning_rate=0.0002, epochs=50, dropout=0.15, attn_drop_rate=0.1, mixup=False, cutmix=False, label_smoothing=0.05
2025-07-30 16:23:17,642 - INFO - Dataset: 21802 train, 1796 val (Fake: 9769, Real: 12033)
2025-07-31 04:53:20,475 - INFO - Training completed
2025-07-31 04:53:20,475 - INFO - Best Validation Accuracy: 79.23%
2025-07-31 04:53:20,475 - INFO - Model: PretrainedVisionTransformer
2025-07-31 04:53:20,475 - INFO - Training parameters: batch_size=24, learning_rate=0.0002, epochs=50, dropout=0.15, attn_drop_rate=0.1, mixup=False, cutmix=False, label_smoothing=0.05
2025-07-31 04:53:20,475 - INFO - Dataset: 21802 train, 1796 val (Fake: 9769, Real: 12033)
